<?xml version="1.0" encoding="UTF-8"?>
<!-- Generated by org.testng.reporters.JUnitReportReporter -->
<testsuite hostname="LAPTOP-TU5DT8FP" failures="0" tests="3" name="TestNG.remo" time="0.002" errors="0" timestamp="2023-01-19T15:02:38 IST" skipped="0">
  <testcase classname="TestNG.remo" name="remo1" time="0.000"/>
  <system-out>
    <![CDATA[remo1]]>
  </system-out>
  <testcase classname="TestNG.remo" name="remo" time="0.001"/>
  <system-out>
    <![CDATA[remo]]>
  </system-out>
  <testcase classname="TestNG.remo" name="remo2" time="0.001"/>
  <system-out>
    <![CDATA[remo2]]>
  </system-out>
</testsuite> <!-- TestNG.remo -->
