<?xml version="1.0" encoding="UTF-8"?>
<!-- Generated by org.testng.reporters.JUnitReportReporter -->
<testsuite hostname="LAPTOP-TU5DT8FP" failures="0" tests="6" name="TestNg1.Flag6" time="0.011" errors="0" timestamp="2023-01-21T14:54:51 IST" skipped="0">
  <testcase classname="TestNg1.Flag6" name="It2" time="0.001"/>
  <system-out>
    <![CDATA[Integration Testing 2]]>
  </system-out>
  <testcase classname="TestNg1.Flag6" name="It4" time="0.001"/>
  <system-out>
    <![CDATA[Integration Testing 4]]>
  </system-out>
  <testcase classname="TestNg1.Flag6" name="It1" time="0.007"/>
  <system-out>
    <![CDATA[Integration Testing]]>
  </system-out>
  <testcase classname="TestNg1.Flag6" name="It3" time="0.000"/>
  <system-out>
    <![CDATA[Integration Testing 3]]>
  </system-out>
  <testcase classname="TestNg1.Flag6" name="It5" time="0.001"/>
  <system-out>
    <![CDATA[Integration Testing 5]]>
  </system-out>
  <testcase classname="TestNg1.Flag6" name="It6" time="0.001"/>
  <system-out>
    <![CDATA[Integration Testing 6]]>
  </system-out>
</testsuite> <!-- TestNg1.Flag6 -->
