<?xml version="1.0" encoding="UTF-8"?>
<!-- Generated by org.testng.reporters.JUnitReportReporter -->
<testsuite hostname="LAPTOP-TU5DT8FP" failures="0" tests="3" name="TestNG.Demo2" time="0.002" errors="0" timestamp="2023-01-19T15:02:38 IST" skipped="0">
  <testcase classname="TestNG.Demo2" name="demo1" time="0.001"/>
  <system-out>
    <![CDATA[demo1]]>
  </system-out>
  <testcase classname="TestNG.Demo2" name="demo" time="0.001"/>
  <system-out>
    <![CDATA[demo]]>
  </system-out>
  <testcase classname="TestNG.Demo2" name="demo2" time="0.000"/>
  <system-out>
    <![CDATA[demo2]]>
  </system-out>
</testsuite> <!-- TestNG.Demo2 -->
