<?xml version="1.0" encoding="UTF-8"?>
<!-- Generated by org.testng.reporters.JUnitReportReporter -->
<testsuite hostname="LAPTOP-TU5DT8FP" failures="0" tests="3" name="TestNg1.flag4" time="0.017" errors="0" timestamp="2023-01-20T23:25:21 IST" skipped="0">
  <testcase classname="TestNg1.flag4" name="loginMethod" time="0.009"/>
  <system-out>
    <![CDATA[log is in done]]>
  </system-out>
  <testcase classname="TestNg1.flag4" name="createuser" time="0.004"/>
  <system-out>
    <![CDATA[user created]]>
  </system-out>
  <testcase classname="TestNg1.flag4" name="logout" time="0.004"/>
  <system-out>
    <![CDATA[logout done]]>
  </system-out>
</testsuite> <!-- TestNg1.flag4 -->
