<?xml version="1.0" encoding="UTF-8"?>
<!-- Generated by org.testng.reporters.JUnitReportReporter -->
<testsuite hostname="LAPTOP-TU5DT8FP" failures="0" tests="9" name="TestNg1.Flag5" time="0.013" errors="0" timestamp="2023-01-21T14:19:59 IST" skipped="0">
  <testcase classname="TestNg1.Flag5" name="b" time="0.002"/>
  <system-out>
    <![CDATA[b]]>
  </system-out>
  <testcase classname="TestNg1.Flag5" name="g" time="0.001"/>
  <system-out>
    <![CDATA[g]]>
  </system-out>
  <testcase classname="TestNg1.Flag5" name="k" time="0.001"/>
  <system-out>
    <![CDATA[k]]>
  </system-out>
  <testcase classname="TestNg1.Flag5" name="i" time="0.001"/>
  <system-out>
    <![CDATA[i]]>
  </system-out>
  <testcase classname="TestNg1.Flag5" name="a" time="0.006"/>
  <system-out>
    <![CDATA[a]]>
  </system-out>
  <testcase classname="TestNg1.Flag5" name="h" time="0.001"/>
  <system-out>
    <![CDATA[h]]>
  </system-out>
  <testcase classname="TestNg1.Flag5" name="p" time="0.000"/>
  <system-out>
    <![CDATA[p]]>
  </system-out>
  <testcase classname="TestNg1.Flag5" name="z" time="0.000"/>
  <system-out>
    <![CDATA[z]]>
  </system-out>
  <testcase classname="TestNg1.Flag5" name="m" time="0.001"/>
  <system-out>
    <![CDATA[m]]>
  </system-out>
</testsuite> <!-- TestNg1.Flag5 -->
